IQ-TREE multicore version 2.0.7 for Linux 64-bit built Apr  1 2024
Developed by Bui Quang Minh, Nguyen Lam Tung, Olga Chernomor,
Heiko Schmidt, Dominik Schrempf, Michael Woodhams.

Host:    LAPTOP-VVNFSCSM (AVX2, FMA3, 3 GB RAM)
Command: iqtree2 -s /mnt/c/Users/filip/phylogeny_analysis/mitochondrium_DNA_20260113_115546/alignment/alignment.fasta -m MFP -bb 1000 -alrt 1000 -nt AUTO -pre /mnt/c/Users/filip/phylogeny_analysis/mitochondrium_DNA_20260113_115546/tree/iqtree/tree_analysis -redo
Seed:    844981 (Using SPRNG - Scalable Parallel Random Number Generator)
Time:    Tue Jan 13 12:03:02 2026
Kernel:  AVX+FMA - auto-detect threads (4 CPU cores detected)

Reading alignment file /mnt/c/Users/filip/phylogeny_analysis/mitochondrium_DNA_20260113_115546/alignment/alignment.fasta ... Fasta format detected
Alignment most likely contains DNA/RNA sequences
Alignment has 15 sequences with 27377 columns, 10489 distinct patterns
10457 parsimony-informative, 6302 singleton sites, 10618 constant sites
       Gap/Ambiguity  Composition  p-value
   1  seq1    43.00%    failed      0.00%
   2  seq2    40.63%    failed      0.00%
   3  seq3    41.10%    failed      0.00%
   4  seq4    43.29%    failed      0.00%
   5  seq5    42.91%    failed      0.00%
   6  seq6    42.70%    failed      0.00%
   7  seq7    44.19%    failed      0.00%
   8  seq8    39.67%    failed      0.00%
   9  seq9    39.18%    failed      0.00%
  10  seq10   37.85%    failed      0.00%
  11  seq11   37.96%    failed      0.00%
  12  seq12   41.02%    failed      0.00%
  13  seq13   37.25%    failed      0.00%
  14  seq14   38.59%    failed      0.00%
  15  seq15   38.01%    failed      0.00%
****  TOTAL   40.49%  15 sequences failed composition chi2 test (p-value<5%; df=3)


Create initial parsimony tree by phylogenetic likelihood library (PLL)... 0.016 seconds
Measuring multi-threading efficiency up to 4 CPU cores
Increase to 10 rounds for branch lengths
8 trees examined
Threads: 1 / Time: 4.516 sec / Speedup: 1.000 / Efficiency: 100% / LogL: -200485
Threads: 2 / Time: 3.734 sec / Speedup: 1.209 / Efficiency: 60% / LogL: -200485
Threads: 3 / Time: 4.165 sec / Speedup: 1.084 / Efficiency: 36% / LogL: -200485
BEST NUMBER OF THREADS: 2

Perform fast likelihood tree search using GTR+I+G model...
Estimate model parameters (epsilon = 5.000)
Perform nearest neighbor interchange...
Estimate model parameters (epsilon = 1.000)
1. Initial log-likelihood: -171954.241
2. Current log-likelihood: -171947.852
3. Current log-likelihood: -171944.341
4. Current log-likelihood: -171941.477
5. Current log-likelihood: -171938.933
6. Current log-likelihood: -171936.675
7. Current log-likelihood: -171934.638
8. Current log-likelihood: -171932.814
9. Current log-likelihood: -171931.152
10. Current log-likelihood: -171929.649
11. Current log-likelihood: -171928.264
12. Current log-likelihood: -171927.003
13. Current log-likelihood: -171925.837
14. Current log-likelihood: -171924.766
15. Current log-likelihood: -171923.765
Optimal log-likelihood: -171922.838
Rate parameters:  A-C: 2.50091  A-G: 7.20594  A-T: 5.04063  C-G: 3.61668  C-T: 12.57470  G-T: 1.00000
Base frequencies:  A: 0.403  C: 0.157  G: 0.097  T: 0.343
Proportion of invariable sites: 0.024
Gamma shape alpha: 0.961
Parameters optimization took 15 rounds (2.849 sec)
Time for fast ML tree search: 8.030 seconds

NOTE: ModelFinder requires 91 MB RAM!
ModelFinder will test up to 286 DNA models (sample size: 27377) ...
 No. Model         -LnL         df  AIC          AICc         BIC
  1  GTR+F         175507.379   35  351084.757   351084.849   351372.368
  2  GTR+F+I       174014.075   36  348100.150   348100.247   348395.978
  3  GTR+F+G4      171903.752   36  343879.503   343879.601   344175.332
  4  GTR+F+I+G4    171907.255   37  343888.511   343888.613   344192.557
  5  GTR+F+R2      172020.398   37  344114.796   344114.899   344418.842
  6  GTR+F+R3      171848.726   39  343775.452   343775.566   344095.933
  7  GTR+F+R4      171844.865   41  343771.731   343771.857   344108.647
 19  SYM+R3        176402.974   36  352877.948   352878.045   353173.777
 32  TVM+F+R3      172063.469   38  344202.939   344203.047   344515.202
 45  TVMe+R3       177347.218   35  354764.436   354764.528   355052.047
 58  TIM3+F+R3     172320.737   37  344715.473   344715.576   345019.519
 71  TIM3e+R3      180268.122   34  360604.245   360604.332   360883.638
 84  TIM2+F+R3     172152.053   37  344378.106   344378.209   344682.152
 97  TIM2e+R3      178320.389   34  356708.778   356708.865   356988.172
110  TIM+F+R3      171954.985   37  343983.969   343984.072   344288.015
123  TIMe+R3       178647.422   34  357362.843   357362.930   357642.237
136  TPM3u+F+R3    172501.186   36  345074.371   345074.468   345370.200
149  TPM3+F+R3     172501.186   36  345074.371   345074.468   345370.200
162  TPM2u+F+R3    172369.111   36  344810.221   344810.319   345106.050
175  TPM2+F+R3     172369.111   36  344810.221   344810.319   345106.050
188  K3Pu+F+R3     172162.184   36  344396.369   344396.466   344692.197
201  K3P+R3        179764.379   33  359594.758   359594.840   359865.934
214  TN+F+R3       172418.795   36  344909.590   344909.688   345205.419
227  TNe+R3        181534.301   33  363134.602   363134.684   363405.778
240  HKY+F+R3      172598.352   35  345266.704   345266.796   345554.315
253  K2P+R3        182624.479   32  365312.957   365313.034   365575.916
266  F81+F+R3      174726.461   34  349520.922   349521.009   349800.316
279  JC+R3         182943.485   31  365948.971   365949.043   366203.712
Akaike Information Criterion:           GTR+F+R4
Corrected Akaike Information Criterion: GTR+F+R4
Bayesian Information Criterion:         GTR+F+R3
Best-fit model: GTR+F+R3 chosen according to BIC

All model information printed to /mnt/c/Users/filip/phylogeny_analysis/mitochondrium_DNA_20260113_115546/tree/iqtree/tree_analysis.model.gz
CPU time for ModelFinder: 212.895 seconds (0h:3m:32s)
Wall-clock time for ModelFinder: 112.838 seconds (0h:1m:52s)
Generating 1000 samples for ultrafast bootstrap (seed: 844981)...

NOTE: 55 MB RAM (0 GB) is required!
Estimate model parameters (epsilon = 0.100)
1. Initial log-likelihood: -171848.726
Optimal log-likelihood: -171848.633
Rate parameters:  A-C: 2.22109  A-G: 6.63245  A-T: 4.49061  C-G: 3.24266  C-T: 11.31331  G-T: 1.00000
Base frequencies:  A: 0.403  C: 0.157  G: 0.097  T: 0.343
Site proportion and rates:  (0.430,0.183) (0.419,0.980) (0.152,3.371)
Parameters optimization took 1 rounds (0.258 sec)
Computing ML distances based on estimated model parameters... 0.025 sec
Computing BIONJ tree...
0.100 seconds
Log-likelihood of BIONJ tree: -171885.074
--------------------------------------------------------------------
|             INITIALIZING CANDIDATE TREE SET                      |
--------------------------------------------------------------------
Generating 98 parsimony trees... 1.683 second
Computing log-likelihood of 98 initial trees ... 3.785 seconds
Current best score: -171848.633

Do NNI search on 20 best initial trees
Estimate model parameters (epsilon = 0.100)
BETTER TREE FOUND at iteration 1: -171848.549
Iteration 10 / LogL: -171856.258 / Time: 0h:0m:13s
Iteration 20 / LogL: -171850.124 / Time: 0h:0m:22s
Finish initializing candidate tree set (1)
Current best tree score: -171848.549 / CPU time: 20.846
Number of iterations: 20
--------------------------------------------------------------------
|               OPTIMIZING CANDIDATE TREE SET                      |
--------------------------------------------------------------------
Iteration 30 / LogL: -172037.307 / Time: 0h:0m:26s (0h:1m:5s left)
Iteration 40 / LogL: -171855.196 / Time: 0h:0m:32s (0h:0m:50s left)
Iteration 50 / LogL: -171851.047 / Time: 0h:0m:38s (0h:0m:39s left)
Log-likelihood cutoff on original alignment: -171907.970
Iteration 60 / LogL: -171851.698 / Time: 0h:0m:43s (0h:0m:30s left)
Iteration 70 / LogL: -171852.921 / Time: 0h:0m:51s (0h:0m:23s left)
Iteration 80 / LogL: -171853.749 / Time: 0h:0m:57s (0h:0m:15s left)
Iteration 90 / LogL: -171853.285 / Time: 0h:1m:4s (0h:0m:7s left)
Iteration 100 / LogL: -171851.152 / Time: 0h:1m:12s (0h:0m:0s left)
Log-likelihood cutoff on original alignment: -171907.970
NOTE: Bootstrap correlation coefficient of split occurrence frequencies: 1.000
TREE SEARCH COMPLETED AFTER 102 ITERATIONS / Time: 0h:1m:13s

--------------------------------------------------------------------
|                    FINALIZING TREE SEARCH                        |
--------------------------------------------------------------------
Performs final model parameters optimization
Estimate model parameters (epsilon = 0.010)
1. Initial log-likelihood: -171848.549
2. Current log-likelihood: -171848.479
3. Current log-likelihood: -171848.412
4. Current log-likelihood: -171848.350
5. Current log-likelihood: -171848.293
6. Current log-likelihood: -171848.238
7. Current log-likelihood: -171848.189
8. Current log-likelihood: -171848.141
9. Current log-likelihood: -171848.098
10. Current log-likelihood: -171848.057
11. Current log-likelihood: -171848.020
12. Current log-likelihood: -171847.986
13. Current log-likelihood: -171847.956
14. Current log-likelihood: -171847.926
15. Current log-likelihood: -171847.900
16. Current log-likelihood: -171847.879
17. Current log-likelihood: -171847.855
18. Current log-likelihood: -171847.837
19. Current log-likelihood: -171847.815
20. Current log-likelihood: -171847.797
21. Current log-likelihood: -171847.783
Optimal log-likelihood: -171847.770
Rate parameters:  A-C: 2.23132  A-G: 6.66899  A-T: 4.51620  C-G: 3.26038  C-T: 11.37350  G-T: 1.00000
Base frequencies:  A: 0.403  C: 0.157  G: 0.097  T: 0.343
Site proportion and rates:  (0.438,0.186) (0.423,1.014) (0.139,3.520)
Parameters optimization took 21 rounds (3.492 sec)
BEST SCORE FOUND : -171847.770

Testing tree branches by SH-like aLRT with 1000 replicates...
3.220 sec.
Creating bootstrap support values...
Split supports printed to NEXUS file /mnt/c/Users/filip/phylogeny_analysis/mitochondrium_DNA_20260113_115546/tree/iqtree/tree_analysis.splits.nex
Total tree length: 6.388

Total number of iterations: 102
CPU time used for tree search: 137.669 sec (0h:2m:17s)
Wall-clock time used for tree search: 72.195 sec (0h:1m:12s)
Total CPU time used: 152.584 sec (0h:2m:32s)
Total wall-clock time used: 80.414 sec (0h:1m:20s)

Computing bootstrap consensus tree...
Reading input file /mnt/c/Users/filip/phylogeny_analysis/mitochondrium_DNA_20260113_115546/tree/iqtree/tree_analysis.splits.nex...
15 taxa and 33 splits.
Consensus tree written to /mnt/c/Users/filip/phylogeny_analysis/mitochondrium_DNA_20260113_115546/tree/iqtree/tree_analysis.contree
Reading input trees file /mnt/c/Users/filip/phylogeny_analysis/mitochondrium_DNA_20260113_115546/tree/iqtree/tree_analysis.contree
Log-likelihood of consensus tree: -171847.770

Analysis results written to: 
  IQ-TREE report:                /mnt/c/Users/filip/phylogeny_analysis/mitochondrium_DNA_20260113_115546/tree/iqtree/tree_analysis.iqtree
  Maximum-likelihood tree:       /mnt/c/Users/filip/phylogeny_analysis/mitochondrium_DNA_20260113_115546/tree/iqtree/tree_analysis.treefile
  Likelihood distances:          /mnt/c/Users/filip/phylogeny_analysis/mitochondrium_DNA_20260113_115546/tree/iqtree/tree_analysis.mldist

Ultrafast bootstrap approximation results written to:
  Split support values:          /mnt/c/Users/filip/phylogeny_analysis/mitochondrium_DNA_20260113_115546/tree/iqtree/tree_analysis.splits.nex
  Consensus tree:                /mnt/c/Users/filip/phylogeny_analysis/mitochondrium_DNA_20260113_115546/tree/iqtree/tree_analysis.contree
  Screen log file:               /mnt/c/Users/filip/phylogeny_analysis/mitochondrium_DNA_20260113_115546/tree/iqtree/tree_analysis.log

Date and Time: Tue Jan 13 12:06:13 2026
