IQ-TREE multicore version 2.0.7 for Linux 64-bit built Apr  1 2024
Developed by Bui Quang Minh, Nguyen Lam Tung, Olga Chernomor,
Heiko Schmidt, Dominik Schrempf, Michael Woodhams.

Host:    LAPTOP-VVNFSCSM (AVX2, FMA3, 3 GB RAM)
Command: iqtree2 -s /mnt/c/Users/filip/phylogeny_analysis/protein_cytochrom_20260131_145138/alignment/alignment.fasta -m MFP -bb 1000 -alrt 1000 -nt AUTO -pre /mnt/c/Users/filip/phylogeny_analysis/protein_cytochrom_20260131_145138/tree/iqtree/tree_analysis -redo
Seed:    658 (Using SPRNG - Scalable Parallel Random Number Generator)
Time:    Sat Jan 31 14:51:51 2026
Kernel:  AVX+FMA - auto-detect threads (4 CPU cores detected)

Reading alignment file /mnt/c/Users/filip/phylogeny_analysis/protein_cytochrom_20260131_145138/alignment/alignment.fasta ... Fasta format detected
Alignment most likely contains protein sequences
Alignment has 10 sequences with 131 columns, 52 distinct patterns
10 parsimony-informative, 10 singleton sites, 111 constant sites
       Gap/Ambiguity  Composition  p-value
   1  seq1    19.85%    passed    100.00%
   2  seq2    19.85%    passed    100.00%
   3  seq3    19.85%    passed    100.00%
   4  seq4    19.85%    passed    100.00%
   5  seq5    19.85%    passed    100.00%
   6  seq6    19.85%    passed    100.00%
   7  seq7    19.85%    passed    100.00%
   8  seq8     0.00%    passed     94.71%
   9  seq9    19.85%    passed    100.00%
  10  seq10   19.85%    passed    100.00%
****  TOTAL   17.86%  0 sequences failed composition chi2 test (p-value<5%; df=19)
NOTE: seq3 is identical to seq2 but kept for subsequent analysis
NOTE: seq10 is identical to seq9 but kept for subsequent analysis


Create initial parsimony tree by phylogenetic likelihood library (PLL)... 0.002 seconds
Measuring multi-threading efficiency up to 4 CPU cores
Increase to 10 rounds for branch lengths
647 trees examined
Threads: 1 / Time: 4.005 sec / Speedup: 1.000 / Efficiency: 100% / LogL: -626
Threads: 2 / Time: 2.733 sec / Speedup: 1.465 / Efficiency: 73% / LogL: -626
Threads: 3 / Time: 2.299 sec / Speedup: 1.742 / Efficiency: 58% / LogL: -626
Threads: 4 / Time: 2.216 sec / Speedup: 1.807 / Efficiency: 45% / LogL: -626
BEST NUMBER OF THREADS: 3

Perform fast likelihood tree search using LG+I+G model...
Estimate model parameters (epsilon = 5.000)
Perform nearest neighbor interchange...
Estimate model parameters (epsilon = 1.000)
1. Initial log-likelihood: -554.628
Optimal log-likelihood: -554.628
Proportion of invariable sites: 0.421
Gamma shape alpha: 1.048
Parameters optimization took 1 rounds (0.004 sec)
Time for fast ML tree search: 0.014 seconds

NOTE: ModelFinder requires 1 MB RAM!
ModelFinder will test up to 546 protein models (sample size: 131) ...
 No. Model         -LnL         df  AIC          AICc         BIC
WARNING: Number of threads seems too high for short alignments. Use -T AUTO to determine best number of threads.
  1  LG            557.726      17  1149.451     1154.867     1198.329
WARNING: Number of threads seems too high for short alignments. Use -T AUTO to determine best number of threads.
  2  LG+I          555.034      18  1146.068     1152.175     1197.822
WARNING: Number of threads seems too high for short alignments. Use -T AUTO to determine best number of threads.
  3  LG+G4         554.739      18  1145.478     1151.585     1197.231
WARNING: Number of threads seems too high for short alignments. Use -T AUTO to determine best number of threads.
  4  LG+I+G4       554.627      19  1147.255     1154.102     1201.884
WARNING: Number of threads seems too high for short alignments. Use -T AUTO to determine best number of threads.
  5  LG+R2         555.862      19  1149.725     1156.572     1204.353
WARNING: Number of threads seems too high for short alignments. Use -T AUTO to determine best number of threads.
  6  LG+R3         554.802      21  1151.604     1160.081     1211.983
WARNING: Number of threads seems too high for short alignments. Use -T AUTO to determine best number of threads.
 14  LG+F          538.049      36  1148.097     1176.438     1251.605
WARNING: Number of threads seems too high for short alignments. Use -T AUTO to determine best number of threads.
 15  LG+F+I        535.929      37  1145.858     1176.095     1252.241
WARNING: Number of threads seems too high for short alignments. Use -T AUTO to determine best number of threads.
 16  LG+F+G4       535.704      37  1145.408     1175.645     1251.791
WARNING: Number of threads seems too high for short alignments. Use -T AUTO to determine best number of threads.
 17  LG+F+I+G4     535.658      38  1147.317     1179.534     1256.574
WARNING: Number of threads seems too high for short alignments. Use -T AUTO to determine best number of threads.
 18  LG+F+R2       536.459      38  1148.918     1181.135     1258.175
WARNING: Number of threads seems too high for short alignments. Use -T AUTO to determine best number of threads.
 27  WAG           554.236      17  1142.471     1147.887     1191.350
WARNING: Number of threads seems too high for short alignments. Use -T AUTO to determine best number of threads.
 28  WAG+I         552.013      18  1140.027     1146.134     1191.780
WARNING: Number of threads seems too high for short alignments. Use -T AUTO to determine best number of threads.
 29  WAG+G4        551.823      18  1139.646     1145.753     1191.399
WARNING: Number of threads seems too high for short alignments. Use -T AUTO to determine best number of threads.
 30  WAG+I+G4      551.789      19  1141.578     1148.425     1196.207
WARNING: Number of threads seems too high for short alignments. Use -T AUTO to determine best number of threads.
 31  WAG+R2        552.692      19  1143.383     1150.230     1198.012
WARNING: Number of threads seems too high for short alignments. Use -T AUTO to determine best number of threads.
 40  WAG+F         537.311      36  1146.622     1174.963     1250.130
WARNING: Number of threads seems too high for short alignments. Use -T AUTO to determine best number of threads.
 41  WAG+F+I       535.307      37  1144.614     1174.850     1250.996
WARNING: Number of threads seems too high for short alignments. Use -T AUTO to determine best number of threads.
 42  WAG+F+G4      535.130      37  1144.260     1174.496     1250.642
WARNING: Number of threads seems too high for short alignments. Use -T AUTO to determine best number of threads.
 43  WAG+F+I+G4    535.114      38  1146.227     1178.445     1255.485
WARNING: Number of threads seems too high for short alignments. Use -T AUTO to determine best number of threads.
 44  WAG+F+R2      535.851      38  1147.701     1179.918     1256.959
WARNING: Number of threads seems too high for short alignments. Use -T AUTO to determine best number of threads.
 53  JTT           553.242      17  1140.484     1145.900     1189.362
WARNING: Number of threads seems too high for short alignments. Use -T AUTO to determine best number of threads.
 54  JTT+I         551.127      18  1138.254     1144.361     1190.008
WARNING: Number of threads seems too high for short alignments. Use -T AUTO to determine best number of threads.
 55  JTT+G4        550.973      18  1137.946     1144.053     1189.700
WARNING: Number of threads seems too high for short alignments. Use -T AUTO to determine best number of threads.
 56  JTT+I+G4      550.960      19  1139.919     1146.766     1194.548
WARNING: Number of threads seems too high for short alignments. Use -T AUTO to determine best number of threads.
 57  JTT+R2        551.755      19  1141.511     1148.358     1196.140
WARNING: Number of threads seems too high for short alignments. Use -T AUTO to determine best number of threads.
 66  JTT+F         534.542      36  1141.085     1169.425     1244.592
WARNING: Number of threads seems too high for short alignments. Use -T AUTO to determine best number of threads.
 67  JTT+F+I       532.732      37  1139.465     1169.702     1245.847
WARNING: Number of threads seems too high for short alignments. Use -T AUTO to determine best number of threads.
 68  JTT+F+G4      532.618      37  1139.236     1169.473     1245.618
WARNING: Number of threads seems too high for short alignments. Use -T AUTO to determine best number of threads.
 69  JTT+F+I+G4    532.614      38  1141.227     1173.445     1250.485
WARNING: Number of threads seems too high for short alignments. Use -T AUTO to determine best number of threads.
 70  JTT+F+R2      533.189      38  1142.378     1174.596     1251.636
WARNING: Number of threads seems too high for short alignments. Use -T AUTO to determine best number of threads.
 79  JTTDCMut      552.789      17  1139.579     1144.995     1188.457
WARNING: Number of threads seems too high for short alignments. Use -T AUTO to determine best number of threads.
 80  JTTDCMut+I    550.697      18  1137.395     1143.502     1189.148
WARNING: Number of threads seems too high for short alignments. Use -T AUTO to determine best number of threads.
 81  JTTDCMut+G4   550.537      18  1137.075     1143.182     1188.828
WARNING: Number of threads seems too high for short alignments. Use -T AUTO to determine best number of threads.
 82  JTTDCMut+I+G4 550.524      19  1139.047     1145.894     1193.676
WARNING: Number of threads seems too high for short alignments. Use -T AUTO to determine best number of threads.
 83  JTTDCMut+R2   551.310      19  1140.620     1147.467     1195.249
WARNING: Number of threads seems too high for short alignments. Use -T AUTO to determine best number of threads.
 92  JTTDCMut+F    534.356      36  1140.713     1169.053     1244.220
WARNING: Number of threads seems too high for short alignments. Use -T AUTO to determine best number of threads.
 93  JTTDCMut+F+I  532.559      37  1139.118     1169.354     1245.500
WARNING: Number of threads seems too high for short alignments. Use -T AUTO to determine best number of threads.
 94  JTTDCMut+F+G4 532.437      37  1138.873     1169.110     1245.256
WARNING: Number of threads seems too high for short alignments. Use -T AUTO to determine best number of threads.
 95  JTTDCMut+F+I+G4 532.433      38  1140.866     1173.084     1250.124
WARNING: Number of threads seems too high for short alignments. Use -T AUTO to determine best number of threads.
 96  JTTDCMut+F+R2 533.005      38  1142.011     1174.228     1251.268
WARNING: Number of threads seems too high for short alignments. Use -T AUTO to determine best number of threads.
105  DCMut         550.993      17  1135.986     1141.402     1184.864
WARNING: Number of threads seems too high for short alignments. Use -T AUTO to determine best number of threads.
106  DCMut+I       549.378      18  1134.756     1140.863     1186.509
WARNING: Number of threads seems too high for short alignments. Use -T AUTO to determine best number of threads.
107  DCMut+G4      549.190      18  1134.380     1140.487     1186.133
WARNING: Number of threads seems too high for short alignments. Use -T AUTO to determine best number of threads.
108  DCMut+I+G4    549.204      19  1136.409     1143.256     1191.037
WARNING: Number of threads seems too high for short alignments. Use -T AUTO to determine best number of threads.
109  DCMut+R2      549.705      19  1137.411     1144.257     1192.039
WARNING: Number of threads seems too high for short alignments. Use -T AUTO to determine best number of threads.
118  DCMut+F       533.778      36  1139.556     1167.897     1243.063
WARNING: Number of threads seems too high for short alignments. Use -T AUTO to determine best number of threads.
119  DCMut+F+I     532.563      37  1139.126     1169.362     1245.508
WARNING: Number of threads seems too high for short alignments. Use -T AUTO to determine best number of threads.
120  DCMut+F+G4    532.357      37  1138.714     1168.950     1245.096
WARNING: Number of threads seems too high for short alignments. Use -T AUTO to determine best number of threads.
121  DCMut+F+I+G4  532.423      38  1140.846     1173.063     1250.103
WARNING: Number of threads seems too high for short alignments. Use -T AUTO to determine best number of threads.
122  DCMut+F+R2    532.690      38  1141.381     1173.598     1250.638
WARNING: Number of threads seems too high for short alignments. Use -T AUTO to determine best number of threads.
131  VT            558.715      17  1151.429     1156.845     1200.308
WARNING: Number of threads seems too high for short alignments. Use -T AUTO to determine best number of threads.
132  VT+I          556.331      18  1148.661     1154.768     1200.415
WARNING: Number of threads seems too high for short alignments. Use -T AUTO to determine best number of threads.
133  VT+G4         556.186      18  1148.373     1154.480     1200.127
WARNING: Number of threads seems too high for short alignments. Use -T AUTO to determine best number of threads.
134  VT+I+G4       556.158      19  1150.315     1157.162     1204.944
WARNING: Number of threads seems too high for short alignments. Use -T AUTO to determine best number of threads.
135  VT+R2         557.129      19  1152.258     1159.105     1206.887
WARNING: Number of threads seems too high for short alignments. Use -T AUTO to determine best number of threads.
144  VT+F          539.132      36  1150.265     1178.605     1253.772
WARNING: Number of threads seems too high for short alignments. Use -T AUTO to determine best number of threads.
145  VT+F+I        537.105      37  1148.209     1178.446     1254.592
WARNING: Number of threads seems too high for short alignments. Use -T AUTO to determine best number of threads.
146  VT+F+G4       537.000      37  1148.000     1178.237     1254.382
WARNING: Number of threads seems too high for short alignments. Use -T AUTO to determine best number of threads.
147  VT+F+I+G4     536.985      38  1149.969     1182.187     1259.227
WARNING: Number of threads seems too high for short alignments. Use -T AUTO to determine best number of threads.
148  VT+F+R2       537.698      38  1151.395     1183.613     1260.653
WARNING: Number of threads seems too high for short alignments. Use -T AUTO to determine best number of threads.
157  PMB           561.522      17  1157.045     1162.461     1205.923
WARNING: Number of threads seems too high for short alignments. Use -T AUTO to determine best number of threads.
158  PMB+I         559.052      18  1154.104     1160.211     1205.858
WARNING: Number of threads seems too high for short alignments. Use -T AUTO to determine best number of threads.
159  PMB+G4        558.871      18  1153.742     1159.849     1205.495
WARNING: Number of threads seems too high for short alignments. Use -T AUTO to determine best number of threads.
160  PMB+I+G4      558.833      19  1155.665     1162.512     1210.294
WARNING: Number of threads seems too high for short alignments. Use -T AUTO to determine best number of threads.
161  PMB+R2        559.887      19  1157.775     1164.622     1212.404
WARNING: Number of threads seems too high for short alignments. Use -T AUTO to determine best number of threads.
170  PMB+F         541.269      36  1154.537     1182.878     1258.044
WARNING: Number of threads seems too high for short alignments. Use -T AUTO to determine best number of threads.
171  PMB+F+I       539.185      37  1152.371     1182.607     1258.753
WARNING: Number of threads seems too high for short alignments. Use -T AUTO to determine best number of threads.
172  PMB+F+G4      539.059      37  1152.118     1182.354     1258.500
WARNING: Number of threads seems too high for short alignments. Use -T AUTO to determine best number of threads.
173  PMB+F+I+G4    539.043      38  1154.086     1186.303     1263.343
WARNING: Number of threads seems too high for short alignments. Use -T AUTO to determine best number of threads.
174  PMB+F+R2      539.803      38  1155.607     1187.824     1264.864
WARNING: Number of threads seems too high for short alignments. Use -T AUTO to determine best number of threads.
183  Blosum62      560.106      17  1154.212     1159.628     1203.091
WARNING: Number of threads seems too high for short alignments. Use -T AUTO to determine best number of threads.
184  Blosum62+I    557.366      18  1150.731     1156.838     1202.485
WARNING: Number of threads seems too high for short alignments. Use -T AUTO to determine best number of threads.
185  Blosum62+G4   557.209      18  1150.418     1156.525     1202.171
WARNING: Number of threads seems too high for short alignments. Use -T AUTO to determine best number of threads.
186  Blosum62+I+G4 557.155      19  1152.310     1159.157     1206.939
WARNING: Number of threads seems too high for short alignments. Use -T AUTO to determine best number of threads.
187  Blosum62+R2   558.382      19  1154.763     1161.610     1209.392
WARNING: Number of threads seems too high for short alignments. Use -T AUTO to determine best number of threads.
196  Blosum62+F    541.940      36  1155.880     1184.221     1259.388
WARNING: Number of threads seems too high for short alignments. Use -T AUTO to determine best number of threads.
197  Blosum62+F+I  539.650      37  1153.300     1183.536     1259.682
WARNING: Number of threads seems too high for short alignments. Use -T AUTO to determine best number of threads.
198  Blosum62+F+G4 539.546      37  1153.091     1183.328     1259.473
WARNING: Number of threads seems too high for short alignments. Use -T AUTO to determine best number of threads.
199  Blosum62+F+I+G4 539.514      38  1155.029     1187.246     1264.286
WARNING: Number of threads seems too high for short alignments. Use -T AUTO to determine best number of threads.
200  Blosum62+F+R2 540.400      38  1156.800     1189.017     1266.057
WARNING: Number of threads seems too high for short alignments. Use -T AUTO to determine best number of threads.
209  Dayhoff       550.943      17  1135.886     1141.302     1184.764
WARNING: Number of threads seems too high for short alignments. Use -T AUTO to determine best number of threads.
210  Dayhoff+I     549.328      18  1134.656     1140.763     1186.409
WARNING: Number of threads seems too high for short alignments. Use -T AUTO to determine best number of threads.
211  Dayhoff+G4    549.137      18  1134.275     1140.382     1186.028
WARNING: Number of threads seems too high for short alignments. Use -T AUTO to determine best number of threads.
212  Dayhoff+I+G4  549.152      19  1136.304     1143.151     1190.933
WARNING: Number of threads seems too high for short alignments. Use -T AUTO to determine best number of threads.
213  Dayhoff+R2    549.654      19  1137.308     1144.155     1191.937
WARNING: Number of threads seems too high for short alignments. Use -T AUTO to determine best number of threads.
222  Dayhoff+F     533.719      36  1139.437     1167.777     1242.944
WARNING: Number of threads seems too high for short alignments. Use -T AUTO to determine best number of threads.
223  Dayhoff+F+I   532.506      37  1139.012     1169.249     1245.394
WARNING: Number of threads seems too high for short alignments. Use -T AUTO to determine best number of threads.
224  Dayhoff+F+G4  532.298      37  1138.596     1168.832     1244.978
WARNING: Number of threads seems too high for short alignments. Use -T AUTO to determine best number of threads.
225  Dayhoff+F+I+G4 532.365      38  1140.730     1172.947     1249.987
WARNING: Number of threads seems too high for short alignments. Use -T AUTO to determine best number of threads.
226  Dayhoff+F+R2  532.631      38  1141.263     1173.480     1250.520
WARNING: Number of threads seems too high for short alignments. Use -T AUTO to determine best number of threads.
235  mtREV         606.076      17  1246.153     1251.569     1295.031
WARNING: Number of threads seems too high for short alignments. Use -T AUTO to determine best number of threads.
236  mtREV+I       601.783      18  1239.566     1245.674     1291.320
WARNING: Number of threads seems too high for short alignments. Use -T AUTO to determine best number of threads.
237  mtREV+G4      601.146      18  1238.292     1244.400     1290.046
WARNING: Number of threads seems too high for short alignments. Use -T AUTO to determine best number of threads.
238  mtREV+I+G4    600.657      19  1239.315     1246.161     1293.943
WARNING: Number of threads seems too high for short alignments. Use -T AUTO to determine best number of threads.
239  mtREV+R2      597.207      19  1232.415     1239.262     1287.044
WARNING: Number of threads seems too high for short alignments. Use -T AUTO to determine best number of threads.
248  mtREV+F       550.510      36  1173.020     1201.360     1276.527
WARNING: Number of threads seems too high for short alignments. Use -T AUTO to determine best number of threads.
249  mtREV+F+I     547.956      37  1169.913     1200.149     1276.295
WARNING: Number of threads seems too high for short alignments. Use -T AUTO to determine best number of threads.
250  mtREV+F+G4    547.436      37  1168.873     1199.109     1275.255
WARNING: Number of threads seems too high for short alignments. Use -T AUTO to determine best number of threads.
251  mtREV+F+I+G4  547.268      38  1170.536     1202.753     1279.793
WARNING: Number of threads seems too high for short alignments. Use -T AUTO to determine best number of threads.
252  mtREV+F+R2    547.974      38  1171.949     1204.166     1281.206
WARNING: Number of threads seems too high for short alignments. Use -T AUTO to determine best number of threads.
261  mtART         625.361      17  1284.721     1290.137     1333.600
WARNING: Number of threads seems too high for short alignments. Use -T AUTO to determine best number of threads.
262  mtART+I       614.721      18  1265.442     1271.549     1317.195
WARNING: Number of threads seems too high for short alignments. Use -T AUTO to determine best number of threads.
263  mtART+G4      612.879      18  1261.759     1267.866     1313.512
WARNING: Number of threads seems too high for short alignments. Use -T AUTO to determine best number of threads.
264  mtART+I+G4    610.811      19  1259.622     1266.469     1314.251
WARNING: Number of threads seems too high for short alignments. Use -T AUTO to determine best number of threads.
265  mtART+R2      606.409      19  1250.818     1257.664     1305.446
WARNING: Number of threads seems too high for short alignments. Use -T AUTO to determine best number of threads.
274  mtART+F       561.549      36  1195.099     1223.439     1298.606
WARNING: Number of threads seems too high for short alignments. Use -T AUTO to determine best number of threads.
275  mtART+F+I     555.861      37  1185.721     1215.958     1292.103
WARNING: Number of threads seems too high for short alignments. Use -T AUTO to determine best number of threads.
276  mtART+F+G4    554.316      37  1182.633     1212.869     1289.015
WARNING: Number of threads seems too high for short alignments. Use -T AUTO to determine best number of threads.
277  mtART+F+I+G4  553.080      38  1182.159     1214.377     1291.417
WARNING: Number of threads seems too high for short alignments. Use -T AUTO to determine best number of threads.
278  mtART+F+R2    545.701      38  1167.403     1199.620     1276.660
WARNING: Number of threads seems too high for short alignments. Use -T AUTO to determine best number of threads.
287  mtZOA         605.839      17  1245.677     1251.093     1294.556
WARNING: Number of threads seems too high for short alignments. Use -T AUTO to determine best number of threads.
288  mtZOA+I       601.211      18  1238.423     1244.530     1290.176
WARNING: Number of threads seems too high for short alignments. Use -T AUTO to determine best number of threads.
289  mtZOA+G4      600.345      18  1236.691     1242.798     1288.444
WARNING: Number of threads seems too high for short alignments. Use -T AUTO to determine best number of threads.
290  mtZOA+I+G4    599.840      19  1237.680     1244.526     1292.308
WARNING: Number of threads seems too high for short alignments. Use -T AUTO to determine best number of threads.
291  mtZOA+R2      597.564      19  1233.128     1239.975     1287.757
WARNING: Number of threads seems too high for short alignments. Use -T AUTO to determine best number of threads.
300  mtZOA+F       544.796      36  1161.592     1189.932     1265.099
WARNING: Number of threads seems too high for short alignments. Use -T AUTO to determine best number of threads.
301  mtZOA+F+I     542.913      37  1159.826     1190.063     1266.208
WARNING: Number of threads seems too high for short alignments. Use -T AUTO to determine best number of threads.
302  mtZOA+F+G4    542.422      37  1158.844     1189.080     1265.226
WARNING: Number of threads seems too high for short alignments. Use -T AUTO to determine best number of threads.
303  mtZOA+F+I+G4  542.371      38  1160.743     1192.960     1270.000
WARNING: Number of threads seems too high for short alignments. Use -T AUTO to determine best number of threads.
304  mtZOA+F+R2    543.251      38  1162.502     1194.719     1271.760
WARNING: Number of threads seems too high for short alignments. Use -T AUTO to determine best number of threads.
313  mtMet         603.013      17  1240.025     1245.441     1288.904
WARNING: Number of threads seems too high for short alignments. Use -T AUTO to determine best number of threads.
314  mtMet+I       598.770      18  1233.540     1239.648     1285.294
WARNING: Number of threads seems too high for short alignments. Use -T AUTO to determine best number of threads.
315  mtMet+G4      598.045      18  1232.089     1238.196     1283.843
WARNING: Number of threads seems too high for short alignments. Use -T AUTO to determine best number of threads.
316  mtMet+I+G4    597.650      19  1233.301     1240.147     1287.929
WARNING: Number of threads seems too high for short alignments. Use -T AUTO to determine best number of threads.
317  mtMet+R2      596.011      19  1230.022     1236.869     1284.651
WARNING: Number of threads seems too high for short alignments. Use -T AUTO to determine best number of threads.
326  mtMet+F       545.474      36  1162.949     1191.289     1266.456
WARNING: Number of threads seems too high for short alignments. Use -T AUTO to determine best number of threads.
327  mtMet+F+I     543.206      37  1160.412     1190.649     1266.794
WARNING: Number of threads seems too high for short alignments. Use -T AUTO to determine best number of threads.
328  mtMet+F+G4    542.716      37  1159.432     1189.669     1265.814
WARNING: Number of threads seems too high for short alignments. Use -T AUTO to determine best number of threads.
329  mtMet+F+I+G4  542.628      38  1161.257     1193.474     1270.514
WARNING: Number of threads seems too high for short alignments. Use -T AUTO to determine best number of threads.
330  mtMet+F+R2    543.644      38  1163.289     1195.506     1272.546
WARNING: Number of threads seems too high for short alignments. Use -T AUTO to determine best number of threads.
339  mtVer         606.869      17  1247.738     1253.154     1296.616
WARNING: Number of threads seems too high for short alignments. Use -T AUTO to determine best number of threads.
340  mtVer+I       602.663      18  1241.325     1247.432     1293.079
WARNING: Number of threads seems too high for short alignments. Use -T AUTO to determine best number of threads.
341  mtVer+G4      601.777      18  1239.555     1245.662     1291.308
WARNING: Number of threads seems too high for short alignments. Use -T AUTO to determine best number of threads.
342  mtVer+I+G4    601.371      19  1240.741     1247.588     1295.370
WARNING: Number of threads seems too high for short alignments. Use -T AUTO to determine best number of threads.
343  mtVer+R2      599.525      19  1237.050     1243.896     1291.678
WARNING: Number of threads seems too high for short alignments. Use -T AUTO to determine best number of threads.
352  mtVer+F       549.284      36  1170.568     1198.909     1274.075
WARNING: Number of threads seems too high for short alignments. Use -T AUTO to determine best number of threads.
353  mtVer+F+I     546.854      37  1167.708     1197.945     1274.090
WARNING: Number of threads seems too high for short alignments. Use -T AUTO to determine best number of threads.
354  mtVer+F+G4    546.298      37  1166.596     1196.833     1272.979
WARNING: Number of threads seems too high for short alignments. Use -T AUTO to determine best number of threads.
355  mtVer+F+I+G4  546.175      38  1168.349     1200.566     1277.607
WARNING: Number of threads seems too high for short alignments. Use -T AUTO to determine best number of threads.
356  mtVer+F+R2    547.328      38  1170.656     1202.874     1279.914
WARNING: Number of threads seems too high for short alignments. Use -T AUTO to determine best number of threads.
365  mtInv         608.627      17  1251.253     1256.669     1300.132
WARNING: Number of threads seems too high for short alignments. Use -T AUTO to determine best number of threads.
366  mtInv+I       604.560      18  1245.120     1251.227     1296.874
WARNING: Number of threads seems too high for short alignments. Use -T AUTO to determine best number of threads.
367  mtInv+G4      603.970      18  1243.941     1250.048     1295.694
WARNING: Number of threads seems too high for short alignments. Use -T AUTO to determine best number of threads.
368  mtInv+I+G4    603.622      19  1245.244     1252.091     1299.873
WARNING: Number of threads seems too high for short alignments. Use -T AUTO to determine best number of threads.
369  mtInv+R2      602.043      19  1242.086     1248.933     1296.715
WARNING: Number of threads seems too high for short alignments. Use -T AUTO to determine best number of threads.
378  mtInv+F       541.965      36  1155.930     1184.270     1259.437
WARNING: Number of threads seems too high for short alignments. Use -T AUTO to determine best number of threads.
379  mtInv+F+I     540.198      37  1154.396     1184.633     1260.778
WARNING: Number of threads seems too high for short alignments. Use -T AUTO to determine best number of threads.
380  mtInv+F+G4    539.805      37  1153.609     1183.846     1259.991
WARNING: Number of threads seems too high for short alignments. Use -T AUTO to determine best number of threads.
381  mtInv+F+I+G4  539.792      38  1155.584     1187.801     1264.841
WARNING: Number of threads seems too high for short alignments. Use -T AUTO to determine best number of threads.
382  mtInv+F+R2    540.519      38  1157.037     1189.255     1266.295
WARNING: Number of threads seems too high for short alignments. Use -T AUTO to determine best number of threads.
391  mtMAM         626.114      17  1286.228     1291.644     1335.106
WARNING: Number of threads seems too high for short alignments. Use -T AUTO to determine best number of threads.
392  mtMAM+I       614.585      18  1265.171     1271.278     1316.924
WARNING: Number of threads seems too high for short alignments. Use -T AUTO to determine best number of threads.
393  mtMAM+G4      611.803      18  1259.606     1265.713     1311.359
WARNING: Number of threads seems too high for short alignments. Use -T AUTO to determine best number of threads.
394  mtMAM+I+G4    609.230      19  1256.459     1263.306     1311.088
WARNING: Number of threads seems too high for short alignments. Use -T AUTO to determine best number of threads.
395  mtMAM+R2      603.929      19  1245.858     1252.705     1300.486
WARNING: Number of threads seems too high for short alignments. Use -T AUTO to determine best number of threads.
404  mtMAM+F       568.019      36  1208.038     1236.378     1311.545
WARNING: Number of threads seems too high for short alignments. Use -T AUTO to determine best number of threads.
405  mtMAM+F+I     560.052      37  1194.105     1224.342     1300.487
WARNING: Number of threads seems too high for short alignments. Use -T AUTO to determine best number of threads.
406  mtMAM+F+G4    558.290      37  1190.581     1220.817     1296.963
WARNING: Number of threads seems too high for short alignments. Use -T AUTO to determine best number of threads.
407  mtMAM+F+I+G4  556.160      38  1188.319     1220.537     1297.577
WARNING: Number of threads seems too high for short alignments. Use -T AUTO to determine best number of threads.
408  mtMAM+F+R2    547.380      38  1170.759     1202.976     1280.017
WARNING: Number of threads seems too high for short alignments. Use -T AUTO to determine best number of threads.
417  HIVb          561.228      17  1156.456     1161.872     1205.335
WARNING: Number of threads seems too high for short alignments. Use -T AUTO to determine best number of threads.
418  HIVb+I        557.252      18  1150.504     1156.612     1202.258
WARNING: Number of threads seems too high for short alignments. Use -T AUTO to determine best number of threads.
419  HIVb+G4       556.853      18  1149.707     1155.814     1201.460
WARNING: Number of threads seems too high for short alignments. Use -T AUTO to determine best number of threads.
420  HIVb+I+G4     556.618      19  1151.236     1158.083     1205.865
WARNING: Number of threads seems too high for short alignments. Use -T AUTO to determine best number of threads.
421  HIVb+R2       556.671      19  1151.342     1158.189     1205.971
WARNING: Number of threads seems too high for short alignments. Use -T AUTO to determine best number of threads.
430  HIVb+F        541.924      36  1155.849     1184.189     1259.356
WARNING: Number of threads seems too high for short alignments. Use -T AUTO to determine best number of threads.
431  HIVb+F+I      538.376      37  1150.752     1180.988     1257.134
WARNING: Number of threads seems too high for short alignments. Use -T AUTO to determine best number of threads.
432  HIVb+F+G4     538.070      37  1150.141     1180.377     1256.523
WARNING: Number of threads seems too high for short alignments. Use -T AUTO to determine best number of threads.
433  HIVb+F+I+G4   537.915      38  1151.830     1184.047     1261.087
WARNING: Number of threads seems too high for short alignments. Use -T AUTO to determine best number of threads.
434  HIVb+F+R2     538.330      38  1152.659     1184.877     1261.917
WARNING: Number of threads seems too high for short alignments. Use -T AUTO to determine best number of threads.
443  HIVw          571.708      17  1177.416     1182.832     1226.295
WARNING: Number of threads seems too high for short alignments. Use -T AUTO to determine best number of threads.
444  HIVw+I        565.416      18  1166.833     1172.940     1218.586
WARNING: Number of threads seems too high for short alignments. Use -T AUTO to determine best number of threads.
445  HIVw+G4       565.102      18  1166.204     1172.311     1217.957
WARNING: Number of threads seems too high for short alignments. Use -T AUTO to determine best number of threads.
446  HIVw+I+G4     564.744      19  1167.488     1174.335     1222.117
WARNING: Number of threads seems too high for short alignments. Use -T AUTO to determine best number of threads.
447  HIVw+R2       564.712      19  1167.423     1174.270     1222.052
WARNING: Number of threads seems too high for short alignments. Use -T AUTO to determine best number of threads.
456  HIVw+F        553.857      36  1179.714     1208.054     1283.221
WARNING: Number of threads seems too high for short alignments. Use -T AUTO to determine best number of threads.
457  HIVw+F+I      547.331      37  1168.662     1198.899     1275.045
WARNING: Number of threads seems too high for short alignments. Use -T AUTO to determine best number of threads.
458  HIVw+F+G4     546.979      37  1167.957     1198.194     1274.340
WARNING: Number of threads seems too high for short alignments. Use -T AUTO to determine best number of threads.
459  HIVw+F+I+G4   546.722      38  1169.444     1201.661     1278.701
WARNING: Number of threads seems too high for short alignments. Use -T AUTO to determine best number of threads.
460  HIVw+F+R2     547.339      38  1170.678     1202.895     1279.935
WARNING: Number of threads seems too high for short alignments. Use -T AUTO to determine best number of threads.
469  FLU           563.762      17  1161.523     1166.939     1210.402
WARNING: Number of threads seems too high for short alignments. Use -T AUTO to determine best number of threads.
470  FLU+I         559.923      18  1155.845     1161.952     1207.599
WARNING: Number of threads seems too high for short alignments. Use -T AUTO to determine best number of threads.
471  FLU+G4        559.486      18  1154.973     1161.080     1206.726
WARNING: Number of threads seems too high for short alignments. Use -T AUTO to determine best number of threads.
472  FLU+I+G4      559.216      19  1156.432     1163.279     1211.061
WARNING: Number of threads seems too high for short alignments. Use -T AUTO to determine best number of threads.
473  FLU+R2        559.222      19  1156.444     1163.291     1211.073
WARNING: Number of threads seems too high for short alignments. Use -T AUTO to determine best number of threads.
482  FLU+F         543.243      36  1158.486     1186.826     1261.993
WARNING: Number of threads seems too high for short alignments. Use -T AUTO to determine best number of threads.
483  FLU+F+I       539.106      37  1152.211     1182.448     1258.593
WARNING: Number of threads seems too high for short alignments. Use -T AUTO to determine best number of threads.
484  FLU+F+G4      538.913      37  1151.825     1182.062     1258.208
WARNING: Number of threads seems too high for short alignments. Use -T AUTO to determine best number of threads.
485  FLU+F+I+G4    538.723      38  1153.445     1185.663     1262.703
WARNING: Number of threads seems too high for short alignments. Use -T AUTO to determine best number of threads.
486  FLU+F+R2      539.077      38  1154.155     1186.372     1263.412
WARNING: Number of threads seems too high for short alignments. Use -T AUTO to determine best number of threads.
495  rtREV         560.913      17  1155.826     1161.242     1204.705
WARNING: Number of threads seems too high for short alignments. Use -T AUTO to determine best number of threads.
496  rtREV+I       557.976      18  1151.951     1158.058     1203.705
WARNING: Number of threads seems too high for short alignments. Use -T AUTO to determine best number of threads.
497  rtREV+G4      557.712      18  1151.424     1157.531     1203.178
WARNING: Number of threads seems too high for short alignments. Use -T AUTO to determine best number of threads.
498  rtREV+I+G4    557.583      19  1153.167     1160.014     1207.795
WARNING: Number of threads seems too high for short alignments. Use -T AUTO to determine best number of threads.
499  rtREV+R2      558.307      19  1154.613     1161.460     1209.242
WARNING: Number of threads seems too high for short alignments. Use -T AUTO to determine best number of threads.
508  rtREV+F       540.177      36  1152.355     1180.695     1255.862
WARNING: Number of threads seems too high for short alignments. Use -T AUTO to determine best number of threads.
509  rtREV+F+I     537.749      37  1149.498     1179.734     1255.880
WARNING: Number of threads seems too high for short alignments. Use -T AUTO to determine best number of threads.
510  rtREV+F+G4    537.548      37  1149.097     1179.334     1255.479
WARNING: Number of threads seems too high for short alignments. Use -T AUTO to determine best number of threads.
511  rtREV+F+I+G4  537.474      38  1150.949     1183.166     1260.206
WARNING: Number of threads seems too high for short alignments. Use -T AUTO to determine best number of threads.
512  rtREV+F+R2    538.532      38  1153.063     1185.280     1262.321
WARNING: Number of threads seems too high for short alignments. Use -T AUTO to determine best number of threads.
521  cpREV         564.891      17  1163.782     1169.198     1212.660
WARNING: Number of threads seems too high for short alignments. Use -T AUTO to determine best number of threads.
522  cpREV+I       562.071      18  1160.142     1166.249     1211.895
WARNING: Number of threads seems too high for short alignments. Use -T AUTO to determine best number of threads.
523  cpREV+G4      561.794      18  1159.589     1165.696     1211.342
WARNING: Number of threads seems too high for short alignments. Use -T AUTO to determine best number of threads.
524  cpREV+I+G4    561.696      19  1161.392     1168.239     1216.021
WARNING: Number of threads seems too high for short alignments. Use -T AUTO to determine best number of threads.
525  cpREV+R2      562.435      19  1162.870     1169.717     1217.499
WARNING: Number of threads seems too high for short alignments. Use -T AUTO to determine best number of threads.
534  cpREV+F       542.816      36  1157.631     1185.972     1261.138
WARNING: Number of threads seems too high for short alignments. Use -T AUTO to determine best number of threads.
535  cpREV+F+I     540.513      37  1155.026     1185.263     1261.409
WARNING: Number of threads seems too high for short alignments. Use -T AUTO to determine best number of threads.
536  cpREV+F+G4    540.291      37  1154.583     1184.819     1260.965
WARNING: Number of threads seems too high for short alignments. Use -T AUTO to determine best number of threads.
537  cpREV+F+I+G4  540.241      38  1156.482     1188.699     1265.739
WARNING: Number of threads seems too high for short alignments. Use -T AUTO to determine best number of threads.
538  cpREV+F+R2    541.187      38  1158.373     1190.591     1267.631
Akaike Information Criterion:           Dayhoff+G4
Corrected Akaike Information Criterion: Dayhoff+G4
Bayesian Information Criterion:         Dayhoff
Best-fit model: Dayhoff chosen according to BIC

All model information printed to /mnt/c/Users/filip/phylogeny_analysis/protein_cytochrom_20260131_145138/tree/iqtree/tree_analysis.model.gz
CPU time for ModelFinder: 29.894 seconds (0h:0m:29s)
Wall-clock time for ModelFinder: 13.077 seconds (0h:0m:13s)
Generating 1000 samples for ultrafast bootstrap (seed: 658)...

NOTE: 0 MB RAM (0 GB) is required!
WARNING: Number of threads seems too high for short alignments. Use -T AUTO to determine best number of threads.
Estimate model parameters (epsilon = 0.100)
1. Initial log-likelihood: -550.943
Optimal log-likelihood: -550.943
Parameters optimization took 1 rounds (0.001 sec)
Computing ML distances based on estimated model parameters... 0.006 sec
Computing BIONJ tree...
0.029 seconds
Log-likelihood of BIONJ tree: -550.944
--------------------------------------------------------------------
|             INITIALIZING CANDIDATE TREE SET                      |
--------------------------------------------------------------------
Generating 98 parsimony trees... 0.022 second
Computing log-likelihood of 94 initial trees ... 0.037 seconds
Current best score: -550.943

Do NNI search on 20 best initial trees
Estimate model parameters (epsilon = 0.100)
BETTER TREE FOUND at iteration 1: -550.943
BETTER TREE FOUND at iteration 2: -550.943
BETTER TREE FOUND at iteration 5: -550.943
Iteration 10 / LogL: -550.943 / Time: 0h:0m:0s
Iteration 20 / LogL: -550.943 / Time: 0h:0m:0s
Finish initializing candidate tree set (10)
Current best tree score: -550.943 / CPU time: 0.105
Number of iterations: 20
--------------------------------------------------------------------
|               OPTIMIZING CANDIDATE TREE SET                      |
--------------------------------------------------------------------
UPDATE BEST LOG-LIKELIHOOD: -550.943
Iteration 30 / LogL: -550.943 / Time: 0h:0m:0s (0h:0m:0s left)
Iteration 40 / LogL: -550.943 / Time: 0h:0m:0s (0h:0m:0s left)
Iteration 50 / LogL: -550.943 / Time: 0h:0m:0s (0h:0m:0s left)
Log-likelihood cutoff on original alignment: -565.068
Iteration 60 / LogL: -550.943 / Time: 0h:0m:0s (0h:0m:0s left)
Iteration 70 / LogL: -554.472 / Time: 0h:0m:0s (0h:0m:0s left)
Iteration 80 / LogL: -550.943 / Time: 0h:0m:0s (0h:0m:0s left)
Iteration 90 / LogL: -550.943 / Time: 0h:0m:0s (0h:0m:0s left)
Iteration 100 / LogL: -550.943 / Time: 0h:0m:0s (0h:0m:0s left)
Log-likelihood cutoff on original alignment: -566.879
NOTE: Bootstrap correlation coefficient of split occurrence frequencies: 0.958
NOTE: UFBoot does not converge, continue at least 100 more iterations
Iteration 110 / LogL: -550.943 / Time: 0h:0m:0s (0h:0m:0s left)
Iteration 120 / LogL: -550.943 / Time: 0h:0m:0s (0h:0m:0s left)
Iteration 130 / LogL: -550.943 / Time: 0h:0m:0s (0h:0m:0s left)
UPDATE BEST LOG-LIKELIHOOD: -550.943
UPDATE BEST LOG-LIKELIHOOD: -550.943
Iteration 140 / LogL: -550.943 / Time: 0h:0m:1s (0h:0m:0s left)
Iteration 150 / LogL: -556.093 / Time: 0h:0m:1s (0h:0m:0s left)
Log-likelihood cutoff on original alignment: -568.401
Iteration 160 / LogL: -550.943 / Time: 0h:0m:1s (0h:0m:0s left)
Iteration 170 / LogL: -556.093 / Time: 0h:0m:1s (0h:0m:0s left)
Iteration 180 / LogL: -550.943 / Time: 0h:0m:1s (0h:0m:0s left)
Iteration 190 / LogL: -550.943 / Time: 0h:0m:1s (0h:0m:0s left)
Iteration 200 / LogL: -550.943 / Time: 0h:0m:1s (0h:0m:0s left)
Log-likelihood cutoff on original alignment: -570.126
NOTE: Bootstrap correlation coefficient of split occurrence frequencies: 0.980
NOTE: UFBoot does not converge, continue at least 100 more iterations
Iteration 210 / LogL: -550.943 / Time: 0h:0m:1s (0h:0m:0s left)
Iteration 220 / LogL: -550.943 / Time: 0h:0m:1s (0h:0m:0s left)
Iteration 230 / LogL: -550.943 / Time: 0h:0m:1s (0h:0m:0s left)
Iteration 240 / LogL: -550.943 / Time: 0h:0m:1s (0h:0m:0s left)
Iteration 250 / LogL: -550.943 / Time: 0h:0m:1s (0h:0m:0s left)
Log-likelihood cutoff on original alignment: -570.126
Iteration 260 / LogL: -550.943 / Time: 0h:0m:1s (0h:0m:0s left)
Iteration 270 / LogL: -550.943 / Time: 0h:0m:1s (0h:0m:0s left)
Iteration 280 / LogL: -550.943 / Time: 0h:0m:2s (0h:0m:0s left)
Iteration 290 / LogL: -550.943 / Time: 0h:0m:2s (0h:0m:0s left)
Iteration 300 / LogL: -550.943 / Time: 0h:0m:2s (0h:0m:0s left)
Log-likelihood cutoff on original alignment: -570.126
NOTE: Bootstrap correlation coefficient of split occurrence frequencies: 0.980
NOTE: UFBoot does not converge, continue at least 100 more iterations
Iteration 310 / LogL: -550.943 / Time: 0h:0m:2s (0h:0m:0s left)
Iteration 320 / LogL: -550.943 / Time: 0h:0m:2s (0h:0m:0s left)
Iteration 330 / LogL: -550.943 / Time: 0h:0m:2s (0h:0m:0s left)
Iteration 340 / LogL: -556.093 / Time: 0h:0m:2s (0h:0m:0s left)
Iteration 350 / LogL: -550.943 / Time: 0h:0m:2s (0h:0m:0s left)
Log-likelihood cutoff on original alignment: -570.126
Iteration 360 / LogL: -550.943 / Time: 0h:0m:2s (0h:0m:0s left)
Iteration 370 / LogL: -550.943 / Time: 0h:0m:2s (0h:0m:0s left)
Iteration 380 / LogL: -550.943 / Time: 0h:0m:2s (0h:0m:0s left)
Iteration 390 / LogL: -550.943 / Time: 0h:0m:2s (0h:0m:0s left)
Iteration 400 / LogL: -550.943 / Time: 0h:0m:2s (0h:0m:0s left)
Log-likelihood cutoff on original alignment: -570.126
NOTE: Bootstrap correlation coefficient of split occurrence frequencies: 0.984
NOTE: UFBoot does not converge, continue at least 100 more iterations
Iteration 410 / LogL: -550.943 / Time: 0h:0m:3s (0h:0m:0s left)
Iteration 420 / LogL: -550.943 / Time: 0h:0m:3s (0h:0m:0s left)
Iteration 430 / LogL: -550.943 / Time: 0h:0m:3s (0h:0m:0s left)
Iteration 440 / LogL: -556.093 / Time: 0h:0m:3s (0h:0m:0s left)
Iteration 450 / LogL: -550.943 / Time: 0h:0m:3s (0h:0m:0s left)
Log-likelihood cutoff on original alignment: -570.567
Iteration 460 / LogL: -550.943 / Time: 0h:0m:3s (0h:0m:0s left)
Iteration 470 / LogL: -550.943 / Time: 0h:0m:3s (0h:0m:0s left)
Iteration 480 / LogL: -550.943 / Time: 0h:0m:3s (0h:0m:0s left)
Iteration 490 / LogL: -550.943 / Time: 0h:0m:3s (0h:0m:0s left)
Iteration 500 / LogL: -550.943 / Time: 0h:0m:3s (0h:0m:0s left)
Log-likelihood cutoff on original alignment: -570.567
NOTE: Bootstrap correlation coefficient of split occurrence frequencies: 0.992
TREE SEARCH COMPLETED AFTER 500 ITERATIONS / Time: 0h:0m:3s

--------------------------------------------------------------------
|                    FINALIZING TREE SEARCH                        |
--------------------------------------------------------------------
Performs final model parameters optimization
Estimate model parameters (epsilon = 0.010)
1. Initial log-likelihood: -550.943
Optimal log-likelihood: -550.943
Parameters optimization took 1 rounds (0.001 sec)
BEST SCORE FOUND : -550.943

Testing tree branches by SH-like aLRT with 1000 replicates...
0.010 sec.
Creating bootstrap support values...
Split supports printed to NEXUS file /mnt/c/Users/filip/phylogeny_analysis/protein_cytochrom_20260131_145138/tree/iqtree/tree_analysis.splits.nex
Total tree length: 0.263

Total number of iterations: 500
CPU time used for tree search: 8.675 sec (0h:0m:8s)
Wall-clock time used for tree search: 3.608 sec (0h:0m:3s)
Total CPU time used: 8.759 sec (0h:0m:8s)
Total wall-clock time used: 3.743 sec (0h:0m:3s)

Computing bootstrap consensus tree...
Reading input file /mnt/c/Users/filip/phylogeny_analysis/protein_cytochrom_20260131_145138/tree/iqtree/tree_analysis.splits.nex...
10 taxa and 85 splits.
Consensus tree written to /mnt/c/Users/filip/phylogeny_analysis/protein_cytochrom_20260131_145138/tree/iqtree/tree_analysis.contree
Reading input trees file /mnt/c/Users/filip/phylogeny_analysis/protein_cytochrom_20260131_145138/tree/iqtree/tree_analysis.contree
Log-likelihood of consensus tree: -550.944

Analysis results written to: 
  IQ-TREE report:                /mnt/c/Users/filip/phylogeny_analysis/protein_cytochrom_20260131_145138/tree/iqtree/tree_analysis.iqtree
  Maximum-likelihood tree:       /mnt/c/Users/filip/phylogeny_analysis/protein_cytochrom_20260131_145138/tree/iqtree/tree_analysis.treefile
  Likelihood distances:          /mnt/c/Users/filip/phylogeny_analysis/protein_cytochrom_20260131_145138/tree/iqtree/tree_analysis.mldist

Ultrafast bootstrap approximation results written to:
  Split support values:          /mnt/c/Users/filip/phylogeny_analysis/protein_cytochrom_20260131_145138/tree/iqtree/tree_analysis.splits.nex
  Consensus tree:                /mnt/c/Users/filip/phylogeny_analysis/protein_cytochrom_20260131_145138/tree/iqtree/tree_analysis.contree
  Screen log file:               /mnt/c/Users/filip/phylogeny_analysis/protein_cytochrom_20260131_145138/tree/iqtree/tree_analysis.log

Date and Time: Sat Jan 31 14:52:07 2026
